{"/home/alexfr-wsl/Projects/afr-ui/src/components/primitives/Tag/Tag.styles.ts": {"path":"/home/alexfr-wsl/Projects/afr-ui/src/components/primitives/Tag/Tag.styles.ts","statementMap":{"0":{"start":{"line":3,"column":13},"end":{"line":24,"column":null}}},"fnMap":{},"branchMap":{},"s":{"0":1},"f":{},"b":{},"meta":{"lastBranch":0,"lastFunction":0,"lastStatement":1,"seen":{"s:3:13:24:Infinity":0}}}
,"/home/alexfr-wsl/Projects/afr-ui/src/components/primitives/Tag/Tag.tsx": {"path":"/home/alexfr-wsl/Projects/afr-ui/src/components/primitives/Tag/Tag.tsx","statementMap":{"0":{"start":{"line":11,"column":13},"end":{"line":21,"column":null}},"1":{"start":{"line":17,"column":8},"end":{"line":21,"column":null}}},"fnMap":{"0":{"name":"(anonymous_0)","decl":{"start":{"line":11,"column":13},"end":{"line":11,"column":20}},"loc":{"start":{"line":16,"column":17},"end":{"line":21,"column":null}},"line":16}},"branchMap":{},"s":{"0":1,"1":1},"f":{"0":1},"b":{},"meta":{"lastBranch":0,"lastFunction":1,"lastStatement":2,"seen":{"s:11:13:21:Infinity":0,"f:11:13:11:20":0,"s:17:8:21:Infinity":1}}}
}
